11-03 11:04:03.630,skmsa.apiutil.interceptor.JournalAOP    ,                                    ,  ,INFO ,           main,[SKMSA JournalAOP  생성자] >>::Caller+0	 at skmsa.apiutil.interceptor.JournalAOP.<init>(JournalAOP.java:31)
  11-03 11:04:13.792,skmsa.apiutil.interceptor.JournalAOP    ,eaf2ee69-cb3e-4c01-9a86-f2d601dac3e3, 1,INFO ,           main,|-->: sample.b.AopAspectANDRetryLogTest$AOP1Controller.methodA, args: Myinno,10,  >>::	 at skmsa.apiutil.interceptor.JournalAOP.controllerAspect(JournalAOP.java:62)
11-03 11:04:13.801,skmsa.apiutil.interceptor.JournalAOP    ,eaf2ee69-cb3e-4c01-9a86-f2d601dac3e3, 2,INFO ,           main,|   |--> sample.b.AopAspectANDRetryLogTest$AOP1ServiceImpl.methodA, args: Myinno,10,  >>::ller+0	 at skmsa.apiutil.interceptor.JournalAOP.logAction(JournalAOP.java:149)
11-03 11:04:13.808,skmsa.apiutil.interceptor.JournalAOP    ,eaf2ee69-cb3e-4c01-9a86-f2d601dac3e3, 3,INFO ,           main,|   |   |--> sample.b.AopAspectANDRetryLogTest$AOP2ServiceImpl.methodAB, args: Myinno,10,  >>::ller+0	 at skmsa.apiutil.interceptor.JournalAOP.logAction(JournalAOP.java:149)
11-03 11:04:13.815,skmsa.apiutil.interceptor.JournalAOP    ,eaf2ee69-cb3e-4c01-9a86-f2d601dac3e3, 3,ERROR,           main,|   |   |<--, Exec: 6ms7, Error: 오류 발생:3  >>::ller+0	 at skmsa.apiutil.interceptor.JournalAOP.logAction(JournalAOP.java:160)
11-03 11:04:13.816,skmsa.apiutil.interceptor.JournalAOP    ,eaf2ee69-cb3e-4c01-9a86-f2d601dac3e3, 3,ERROR,           main,    ERR Occur OnlineContext: TRAN_ID: sample.b.AopAspectANDRetryLogTest$AOP1Controller.methodA, GUID: eaf2ee69-cb3e-4c01-9a86-f2d601dac3e3, GL_MAGAM_DT: null, GL_OP: null >>::ller+0	 at skmsa.apiutil.interceptor.JournalAOP.logAction(JournalAOP.java:161)
11-03 11:04:13.817,skmsa.apiutil.interceptor.JournalAOP    ,eaf2ee69-cb3e-4c01-9a86-f2d601dac3e3, 3,ERROR,           main,    ERR Occur Args: Myinno,10, >>::ller+0	 at skmsa.apiutil.interceptor.JournalAOP.logAction(JournalAOP.java:162)
11-03 11:04:13.844,skmsa.apiutil.interceptor.JournalAOP    ,eaf2ee69-cb3e-4c01-9a86-f2d601dac3e3, 3,INFO ,           main,|   |   |--> sample.b.AopAspectANDRetryLogTest$AOP2ServiceImpl.methodAB, args: Myinno,10,  >>::ller+0	 at skmsa.apiutil.interceptor.JournalAOP.logAction(JournalAOP.java:149)
11-03 11:04:13.846,skmsa.apiutil.interceptor.JournalAOP    ,eaf2ee69-cb3e-4c01-9a86-f2d601dac3e3, 3,INFO ,           main,|   |   |<--, Exec: 2ms2, Result: Myinno  >>::ller+0	 at skmsa.apiutil.interceptor.JournalAOP.logAction(JournalAOP.java:155)
11-03 11:04:13.847,skmsa.apiutil.interceptor.JournalAOP    ,eaf2ee69-cb3e-4c01-9a86-f2d601dac3e3, 2,INFO ,           main,|   |<--, Exec: 45ms46, Result: Myinno  >>::ller+0	 at skmsa.apiutil.interceptor.JournalAOP.logAction(JournalAOP.java:155)
11-03 11:04:13.847,skmsa.apiutil.interceptor.JournalAOP    ,eaf2ee69-cb3e-4c01-9a86-f2d601dac3e3, 1,INFO ,           main,|<--: sample.b.AopAspectANDRetryLogTest$AOP1Controller.methodA, Exec: 55ms, Result: Myinno  >>::	 at skmsa.apiutil.interceptor.JournalAOP.controllerAspect(JournalAOP.java:71)
11-03 11:04:14.111,skmsa.apiutil.interceptor.JournalAOP    ,97a4777e-45d9-4b68-a556-1da506ca5ab6, 1,INFO ,           main,|--> sample.b.AopAspectANDRetryLogTest$TestService.methodA, args: Myinno,10,  >>::ller+0	 at skmsa.apiutil.interceptor.JournalAOP.logAction(JournalAOP.java:149)
11-03 11:04:14.117,skmsa.apiutil.interceptor.JournalAOP    ,97a4777e-45d9-4b68-a556-1da506ca5ab6, 2,INFO ,           main,|   |--> sample.b.service.impl.SampleBAsyncProcessServiceImpl.testRespect, args: Myinno,  >>::ller+0	 at skmsa.apiutil.interceptor.JournalAOP.logAction(JournalAOP.java:149)
11-03 11:04:14.123,skmsa.apiutil.interceptor.JournalAOP    ,97a4777e-45d9-4b68-a556-1da506ca5ab6, 2,INFO ,           main,|   |<--, Exec: 5ms6, Result: null  >>::ller+0	 at skmsa.apiutil.interceptor.JournalAOP.logAction(JournalAOP.java:155)
11-03 11:04:14.124,skmsa.apiutil.interceptor.JournalAOP    ,97a4777e-45d9-4b68-a556-1da506ca5ab6, 1,INFO ,           main,|<--, Exec: 12ms13, Result: null  >>::ller+0	 at skmsa.apiutil.interceptor.JournalAOP.logAction(JournalAOP.java:155)
11-03 11:04:18.158,skmsa.apiutil.interceptor.JournalAOP    ,97a4777e-45d9-4b68-a556-1da506ca5ab6, 1,INFO ,           main,[SKMSA JournalAOP  생성자] >>::Caller+0	 at skmsa.apiutil.interceptor.JournalAOP.<init>(JournalAOP.java:31)
  11-03 11:04:23.138,skmsa.apiutil.interceptor.JournalAOP    ,a59188c8-dbba-4735-a8ac-3b83ff0f78ae, 1,INFO ,           main,|-->: sample.b.BeanCreationTest$AOP1Controller.methodA, args: Myinno,10,  >>::	 at skmsa.apiutil.interceptor.JournalAOP.controllerAspect(JournalAOP.java:62)
11-03 11:04:23.338,skmsa.apiutil.interceptor.JournalAOP    ,a59188c8-dbba-4735-a8ac-3b83ff0f78ae, 1,INFO ,           main,|<--: sample.b.BeanCreationTest$AOP1Controller.methodA, Exec: 200ms, Result: OK  >>::	 at skmsa.apiutil.interceptor.JournalAOP.controllerAspect(JournalAOP.java:71)
11-03 11:04:23.357,skmsa.apiutil.interceptor.JournalAOP    ,df45eda0-c9b9-410c-87f7-dba195651776, 1,INFO ,           main,|-->: sample.b.BeanCreationTest$AOP1Controller.methodB1, args: public controller --> private controller,10,  >>::	 at skmsa.apiutil.interceptor.JournalAOP.controllerAspect(JournalAOP.java:62)
11-03 11:04:23.360,skmsa.apiutil.interceptor.JournalAOP    ,df45eda0-c9b9-410c-87f7-dba195651776, 1,INFO ,           main,|<--: sample.b.BeanCreationTest$AOP1Controller.methodB1, Exec: 3ms, Result: Private-public controller --> private controller  >>::	 at skmsa.apiutil.interceptor.JournalAOP.controllerAspect(JournalAOP.java:71)
11-03 11:04:27.647,skmsa.apiutil.interceptor.JournalAOP    ,df45eda0-c9b9-410c-87f7-dba195651776, 1,INFO ,           main,[SKMSA JournalAOP  생성자] >>::Caller+0	 at skmsa.apiutil.interceptor.JournalAOP.<init>(JournalAOP.java:31)
  11-03 11:04:32.464,skmsa.apiutil.interceptor.JournalAOP    ,6642adfc-f24c-4d13-8e49-e192723acab6, 1,INFO ,           main,|-->: sample.b.controller.ErrorTestRestController.controllerException, args: Person(name=Test, age=10),org.springframework.mock.web.MockHttpServletRequest@3e8d8bee,  >>::	 at skmsa.apiutil.interceptor.JournalAOP.controllerAspect(JournalAOP.java:62)
11-03 11:04:32.487,skmsa.apiutil.interceptor.JournalAOP    ,6642adfc-f24c-4d13-8e49-e192723acab6, 1,ERROR,           main,    ERR1 Occur OnlineContext: TRAN_ID: sample.b.controller.ErrorTestRestController.controllerException, GUID: 6642adfc-f24c-4d13-8e49-e192723acab6, GL_MAGAM_DT: null, GL_OP: null >>::	 at skmsa.apiutil.interceptor.JournalAOP.controllerAspect(JournalAOP.java:78)
11-03 11:04:32.488,skmsa.apiutil.interceptor.JournalAOP    ,6642adfc-f24c-4d13-8e49-e192723acab6, 1,ERROR,           main,    ERR2 Occur Args: Person(name=Test, age=10),org.springframework.mock.web.MockHttpServletRequest@3e8d8bee, >>::	 at skmsa.apiutil.interceptor.JournalAOP.controllerAspect(JournalAOP.java:79)
11-03 11:04:32.496,skmsa.apiutil.interceptor.JournalAOP    ,6642adfc-f24c-4d13-8e49-e192723acab6, 1,ERROR,           main,|<--: sample.b.controller.ErrorTestRestController.controllerException, Exec: 0ms, Error: {}  >>::	 at skmsa.apiutil.interceptor.JournalAOP.controllerAspect(JournalAOP.java:80)
java.lang.NullPointerException: null
	at sample.b.controller.ErrorTestRestController.controllerException(ErrorTestRestController.java:59)
	at sample.b.controller.ErrorTestRestController$$FastClassBySpringCGLIB$$6eb83248.invoke(<generated>)
	at org.springframework.cglib.proxy.MethodProxy.invoke(MethodProxy.java:218)
	at org.springframework.aop.framework.CglibAopProxy$CglibMethodInvocation.invokeJoinpoint(CglibAopProxy.java:793)
	at org.springframework.aop.framework.ReflectiveMethodInvocation.proceed(ReflectiveMethodInvocation.java:163)
	at org.springframework.aop.framework.CglibAopProxy$CglibMethodInvocation.proceed(CglibAopProxy.java:763)
	at org.springframework.aop.aspectj.MethodInvocationProceedingJoinPoint.proceed(MethodInvocationProceedingJoinPoint.java:89)
	at skmsa.apiutil.interceptor.JournalAOP.controllerAspect(JournalAOP.java:69)
	at sun.reflect.NativeMethodAccessorImpl.invoke0(Native Method)
	at sun.reflect.NativeMethodAccessorImpl.invoke(NativeMethodAccessorImpl.java:62)
	at sun.reflect.DelegatingMethodAccessorImpl.invoke(DelegatingMethodAccessorImpl.java:43)
	at java.lang.reflect.Method.invoke(Method.java:498)
	at org.springframework.aop.aspectj.AbstractAspectJAdvice.invokeAdviceMethodWithGivenArgs(AbstractAspectJAdvice.java:634)
	at org.springframework.aop.aspectj.AbstractAspectJAdvice.invokeAdviceMethod(AbstractAspectJAdvice.java:624)
	at org.springframework.aop.aspectj.AspectJAroundAdvice.invoke(AspectJAroundAdvice.java:72)
	at org.springframework.aop.framework.ReflectiveMethodInvocation.proceed(ReflectiveMethodInvocation.java:175)
	at org.springframework.aop.framework.CglibAopProxy$CglibMethodInvocation.proceed(CglibAopProxy.java:763)
	at org.springframework.aop.interceptor.ExposeInvocationInterceptor.invoke(ExposeInvocationInterceptor.java:97)
	at org.springframework.aop.framework.ReflectiveMethodInvocation.proceed(ReflectiveMethodInvocation.java:186)
	at org.springframework.aop.framework.CglibAopProxy$CglibMethodInvocation.proceed(CglibAopProxy.java:763)
	at org.springframework.aop.framework.CglibAopProxy$DynamicAdvisedInterceptor.intercept(CglibAopProxy.java:708)
	at sample.b.controller.ErrorTestRestController$$EnhancerBySpringCGLIB$$d7c10ebf.controllerException(<generated>)
	at sample.b.RestControllerAdviceTest.aopControllerExceptionTest(RestControllerAdviceTest.java:67)
	at sun.reflect.NativeMethodAccessorImpl.invoke0(Native Method)
	at sun.reflect.NativeMethodAccessorImpl.invoke(NativeMethodAccessorImpl.java:62)
	at sun.reflect.DelegatingMethodAccessorImpl.invoke(DelegatingMethodAccessorImpl.java:43)
	at java.lang.reflect.Method.invoke(Method.java:498)
	at org.junit.platform.commons.util.ReflectionUtils.invokeMethod(ReflectionUtils.java:725)
	at org.junit.jupiter.engine.execution.MethodInvocation.proceed(MethodInvocation.java:60)
	at org.junit.jupiter.engine.execution.InvocationInterceptorChain$ValidatingInvocation.proceed(InvocationInterceptorChain.java:131)
	at org.junit.jupiter.engine.extension.TimeoutExtension.intercept(TimeoutExtension.java:149)
	at org.junit.jupiter.engine.extension.TimeoutExtension.interceptTestableMethod(TimeoutExtension.java:140)
	at org.junit.jupiter.engine.extension.TimeoutExtension.interceptTestMethod(TimeoutExtension.java:84)
	at org.junit.jupiter.engine.execution.ExecutableInvoker$ReflectiveInterceptorCall.lambda$ofVoidMethod$0(ExecutableInvoker.java:115)
	at org.junit.jupiter.engine.execution.ExecutableInvoker.lambda$invoke$0(ExecutableInvoker.java:105)
	at org.junit.jupiter.engine.execution.InvocationInterceptorChain$InterceptedInvocation.proceed(InvocationInterceptorChain.java:106)
	at org.junit.jupiter.engine.execution.InvocationInterceptorChain.proceed(InvocationInterceptorChain.java:64)
	at org.junit.jupiter.engine.execution.InvocationInterceptorChain.chainAndInvoke(InvocationInterceptorChain.java:45)
	at org.junit.jupiter.engine.execution.InvocationInterceptorChain.invoke(InvocationInterceptorChain.java:37)
	at org.junit.jupiter.engine.execution.ExecutableInvoker.invoke(ExecutableInvoker.java:104)
	at org.junit.jupiter.engine.execution.ExecutableInvoker.invoke(ExecutableInvoker.java:98)
	at org.junit.jupiter.engine.descriptor.TestMethodTestDescriptor.lambda$invokeTestMethod$7(TestMethodTestDescriptor.java:214)
	at org.junit.platform.engine.support.hierarchical.ThrowableCollector.execute(ThrowableCollector.java:73)
	at org.junit.jupiter.engine.descriptor.TestMethodTestDescriptor.invokeTestMethod(TestMethodTestDescriptor.java:210)
	at org.junit.jupiter.engine.descriptor.TestMethodTestDescriptor.execute(TestMethodTestDescriptor.java:135)
	at org.junit.jupiter.engine.descriptor.TestMethodTestDescriptor.execute(TestMethodTestDescriptor.java:66)
	at org.junit.platform.engine.support.hierarchical.NodeTestTask.lambda$executeRecursively$6(NodeTestTask.java:151)
	at org.junit.platform.engine.support.hierarchical.ThrowableCollector.execute(ThrowableCollector.java:73)
	at org.junit.platform.engine.support.hierarchical.NodeTestTask.lambda$executeRecursively$8(NodeTestTask.java:141)
	at org.junit.platform.engine.support.hierarchical.Node.around(Node.java:137)
	at org.junit.platform.engine.support.hierarchical.NodeTestTask.lambda$executeRecursively$9(NodeTestTask.java:139)
	at org.junit.platform.engine.support.hierarchical.ThrowableCollector.execute(ThrowableCollector.java:73)
	at org.junit.platform.engine.support.hierarchical.NodeTestTask.executeRecursively(NodeTestTask.java:138)
	at org.junit.platform.engine.support.hierarchical.NodeTestTask.execute(NodeTestTask.java:95)
	at java.util.ArrayList.forEach(ArrayList.java:1259)
	at org.junit.platform.engine.support.hierarchical.SameThreadHierarchicalTestExecutorService.invokeAll(SameThreadHierarchicalTestExecutorService.java:41)
	at org.junit.platform.engine.support.hierarchical.NodeTestTask.lambda$executeRecursively$6(NodeTestTask.java:155)
	at org.junit.platform.engine.support.hierarchical.ThrowableCollector.execute(ThrowableCollector.java:73)
	at org.junit.platform.engine.support.hierarchical.NodeTestTask.lambda$executeRecursively$8(NodeTestTask.java:141)
	at org.junit.platform.engine.support.hierarchical.Node.around(Node.java:137)
	at org.junit.platform.engine.support.hierarchical.NodeTestTask.lambda$executeRecursively$9(NodeTestTask.java:139)
	at org.junit.platform.engine.support.hierarchical.ThrowableCollector.execute(ThrowableCollector.java:73)
	at org.junit.platform.engine.support.hierarchical.NodeTestTask.executeRecursively(NodeTestTask.java:138)
	at org.junit.platform.engine.support.hierarchical.NodeTestTask.execute(NodeTestTask.java:95)
	at java.util.ArrayList.forEach(ArrayList.java:1259)
	at org.junit.platform.engine.support.hierarchical.SameThreadHierarchicalTestExecutorService.invokeAll(SameThreadHierarchicalTestExecutorService.java:41)
	at org.junit.platform.engine.support.hierarchical.NodeTestTask.lambda$executeRecursively$6(NodeTestTask.java:155)
	at org.junit.platform.engine.support.hierarchical.ThrowableCollector.execute(ThrowableCollector.java:73)
	at org.junit.platform.engine.support.hierarchical.NodeTestTask.lambda$executeRecursively$8(NodeTestTask.java:141)
	at org.junit.platform.engine.support.hierarchical.Node.around(Node.java:137)
	at org.junit.platform.engine.support.hierarchical.NodeTestTask.lambda$executeRecursively$9(NodeTestTask.java:139)
	at org.junit.platform.engine.support.hierarchical.ThrowableCollector.execute(ThrowableCollector.java:73)
	at org.junit.platform.engine.support.hierarchical.NodeTestTask.executeRecursively(NodeTestTask.java:138)
	at org.junit.platform.engine.support.hierarchical.NodeTestTask.execute(NodeTestTask.java:95)
	at org.junit.platform.engine.support.hierarchical.SameThreadHierarchicalTestExecutorService.submit(SameThreadHierarchicalTestExecutorService.java:35)
	at org.junit.platform.engine.support.hierarchical.HierarchicalTestExecutor.execute(HierarchicalTestExecutor.java:57)
	at org.junit.platform.engine.support.hierarchical.HierarchicalTestEngine.execute(HierarchicalTestEngine.java:54)
	at org.junit.platform.launcher.core.DefaultLauncher.execute(DefaultLauncher.java:220)
	at org.junit.platform.launcher.core.DefaultLauncher.lambda$execute$6(DefaultLauncher.java:188)
	at org.junit.platform.launcher.core.DefaultLauncher.withInterceptedStreams(DefaultLauncher.java:202)
	at org.junit.platform.launcher.core.DefaultLauncher.execute(DefaultLauncher.java:181)
	at org.junit.platform.launcher.core.DefaultLauncher.execute(DefaultLauncher.java:128)
	at org.apache.maven.surefire.junitplatform.JUnitPlatformProvider.invokeAllTests(JUnitPlatformProvider.java:150)
	at org.apache.maven.surefire.junitplatform.JUnitPlatformProvider.invoke(JUnitPlatformProvider.java:124)
	at org.apache.maven.surefire.booter.ForkedBooter.invokeProviderInSameClassLoader(ForkedBooter.java:384)
	at org.apache.maven.surefire.booter.ForkedBooter.runSuitesInProcess(ForkedBooter.java:345)
	at org.apache.maven.surefire.booter.ForkedBooter.execute(ForkedBooter.java:126)
	at org.apache.maven.surefire.booter.ForkedBooter.main(ForkedBooter.java:418)
11-03 11:04:32.630,skmsa.apiutil.interceptor.JournalAOP    ,fe180689-66ce-4f39-92e4-fed7b6f0dadf, 1,INFO ,           main,|-->: sample.b.controller.ErrorTestRestController.serviceException, args: Person(name=Test, age=10),org.springframework.mock.web.MockHttpServletRequest@24ab86eb,  >>::	 at skmsa.apiutil.interceptor.JournalAOP.controllerAspect(JournalAOP.java:62)
11-03 11:04:32.631,skmsa.apiutil.interceptor.JournalAOP    ,fe180689-66ce-4f39-92e4-fed7b6f0dadf, 1,ERROR,           main,    ERR1 Occur OnlineContext: TRAN_ID: sample.b.controller.ErrorTestRestController.serviceException, GUID: fe180689-66ce-4f39-92e4-fed7b6f0dadf, GL_MAGAM_DT: null, GL_OP: null >>::	 at skmsa.apiutil.interceptor.JournalAOP.controllerAspect(JournalAOP.java:78)
11-03 11:04:32.631,skmsa.apiutil.interceptor.JournalAOP    ,fe180689-66ce-4f39-92e4-fed7b6f0dadf, 1,ERROR,           main,    ERR2 Occur Args: Person(name=Test, age=10),org.springframework.mock.web.MockHttpServletRequest@24ab86eb, >>::	 at skmsa.apiutil.interceptor.JournalAOP.controllerAspect(JournalAOP.java:79)
11-03 11:04:32.632,skmsa.apiutil.interceptor.JournalAOP    ,fe180689-66ce-4f39-92e4-fed7b6f0dadf, 1,ERROR,           main,|<--: sample.b.controller.ErrorTestRestController.serviceException, Exec: 0ms, Error: {}  >>::	 at skmsa.apiutil.interceptor.JournalAOP.controllerAspect(JournalAOP.java:80)
java.lang.IllegalStateException: 오류 태스트
	at sample.b.service.impl.ErrTestServiceImpl.serviceExceptionMethod(ErrTestServiceImpl.java:20)
	at sample.b.controller.ErrorTestRestController.serviceException(ErrorTestRestController.java:51)
	at sample.b.controller.ErrorTestRestController$$FastClassBySpringCGLIB$$6eb83248.invoke(<generated>)
	at org.springframework.cglib.proxy.MethodProxy.invoke(MethodProxy.java:218)
	at org.springframework.aop.framework.CglibAopProxy$CglibMethodInvocation.invokeJoinpoint(CglibAopProxy.java:793)
	at org.springframework.aop.framework.ReflectiveMethodInvocation.proceed(ReflectiveMethodInvocation.java:163)
	at org.springframework.aop.framework.CglibAopProxy$CglibMethodInvocation.proceed(CglibAopProxy.java:763)
	at org.springframework.aop.aspectj.MethodInvocationProceedingJoinPoint.proceed(MethodInvocationProceedingJoinPoint.java:89)
	at skmsa.apiutil.interceptor.JournalAOP.controllerAspect(JournalAOP.java:69)
	at sun.reflect.NativeMethodAccessorImpl.invoke0(Native Method)
	at sun.reflect.NativeMethodAccessorImpl.invoke(NativeMethodAccessorImpl.java:62)
	at sun.reflect.DelegatingMethodAccessorImpl.invoke(DelegatingMethodAccessorImpl.java:43)
	at java.lang.reflect.Method.invoke(Method.java:498)
	at org.springframework.aop.aspectj.AbstractAspectJAdvice.invokeAdviceMethodWithGivenArgs(AbstractAspectJAdvice.java:634)
	at org.springframework.aop.aspectj.AbstractAspectJAdvice.invokeAdviceMethod(AbstractAspectJAdvice.java:624)
	at org.springframework.aop.aspectj.AspectJAroundAdvice.invoke(AspectJAroundAdvice.java:72)
	at org.springframework.aop.framework.ReflectiveMethodInvocation.proceed(ReflectiveMethodInvocation.java:175)
	at org.springframework.aop.framework.CglibAopProxy$CglibMethodInvocation.proceed(CglibAopProxy.java:763)
	at org.springframework.aop.interceptor.ExposeInvocationInterceptor.invoke(ExposeInvocationInterceptor.java:97)
	at org.springframework.aop.framework.ReflectiveMethodInvocation.proceed(ReflectiveMethodInvocation.java:186)
	at org.springframework.aop.framework.CglibAopProxy$CglibMethodInvocation.proceed(CglibAopProxy.java:763)
	at org.springframework.aop.framework.CglibAopProxy$DynamicAdvisedInterceptor.intercept(CglibAopProxy.java:708)
	at sample.b.controller.ErrorTestRestController$$EnhancerBySpringCGLIB$$d7c10ebf.serviceException(<generated>)
	at sample.b.RestControllerAdviceTest.aopServiceExceptionTest1(RestControllerAdviceTest.java:52)
	at sun.reflect.NativeMethodAccessorImpl.invoke0(Native Method)
	at sun.reflect.NativeMethodAccessorImpl.invoke(NativeMethodAccessorImpl.java:62)
	at sun.reflect.DelegatingMethodAccessorImpl.invoke(DelegatingMethodAccessorImpl.java:43)
	at java.lang.reflect.Method.invoke(Method.java:498)
	at org.junit.platform.commons.util.ReflectionUtils.invokeMethod(ReflectionUtils.java:725)
	at org.junit.jupiter.engine.execution.MethodInvocation.proceed(MethodInvocation.java:60)
	at org.junit.jupiter.engine.execution.InvocationInterceptorChain$ValidatingInvocation.proceed(InvocationInterceptorChain.java:131)
	at org.junit.jupiter.engine.extension.TimeoutExtension.intercept(TimeoutExtension.java:149)
	at org.junit.jupiter.engine.extension.TimeoutExtension.interceptTestableMethod(TimeoutExtension.java:140)
	at org.junit.jupiter.engine.extension.TimeoutExtension.interceptTestMethod(TimeoutExtension.java:84)
	at org.junit.jupiter.engine.execution.ExecutableInvoker$ReflectiveInterceptorCall.lambda$ofVoidMethod$0(ExecutableInvoker.java:115)
	at org.junit.jupiter.engine.execution.ExecutableInvoker.lambda$invoke$0(ExecutableInvoker.java:105)
	at org.junit.jupiter.engine.execution.InvocationInterceptorChain$InterceptedInvocation.proceed(InvocationInterceptorChain.java:106)
	at org.junit.jupiter.engine.execution.InvocationInterceptorChain.proceed(InvocationInterceptorChain.java:64)
	at org.junit.jupiter.engine.execution.InvocationInterceptorChain.chainAndInvoke(InvocationInterceptorChain.java:45)
	at org.junit.jupiter.engine.execution.InvocationInterceptorChain.invoke(InvocationInterceptorChain.java:37)
	at org.junit.jupiter.engine.execution.ExecutableInvoker.invoke(ExecutableInvoker.java:104)
	at org.junit.jupiter.engine.execution.ExecutableInvoker.invoke(ExecutableInvoker.java:98)
	at org.junit.jupiter.engine.descriptor.TestMethodTestDescriptor.lambda$invokeTestMethod$7(TestMethodTestDescriptor.java:214)
	at org.junit.platform.engine.support.hierarchical.ThrowableCollector.execute(ThrowableCollector.java:73)
	at org.junit.jupiter.engine.descriptor.TestMethodTestDescriptor.invokeTestMethod(TestMethodTestDescriptor.java:210)
	at org.junit.jupiter.engine.descriptor.TestMethodTestDescriptor.execute(TestMethodTestDescriptor.java:135)
	at org.junit.jupiter.engine.descriptor.TestMethodTestDescriptor.execute(TestMethodTestDescriptor.java:66)
	at org.junit.platform.engine.support.hierarchical.NodeTestTask.lambda$executeRecursively$6(NodeTestTask.java:151)
	at org.junit.platform.engine.support.hierarchical.ThrowableCollector.execute(ThrowableCollector.java:73)
	at org.junit.platform.engine.support.hierarchical.NodeTestTask.lambda$executeRecursively$8(NodeTestTask.java:141)
	at org.junit.platform.engine.support.hierarchical.Node.around(Node.java:137)
	at org.junit.platform.engine.support.hierarchical.NodeTestTask.lambda$executeRecursively$9(NodeTestTask.java:139)
	at org.junit.platform.engine.support.hierarchical.ThrowableCollector.execute(ThrowableCollector.java:73)
	at org.junit.platform.engine.support.hierarchical.NodeTestTask.executeRecursively(NodeTestTask.java:138)
	at org.junit.platform.engine.support.hierarchical.NodeTestTask.execute(NodeTestTask.java:95)
	at java.util.ArrayList.forEach(ArrayList.java:1259)
	at org.junit.platform.engine.support.hierarchical.SameThreadHierarchicalTestExecutorService.invokeAll(SameThreadHierarchicalTestExecutorService.java:41)
	at org.junit.platform.engine.support.hierarchical.NodeTestTask.lambda$executeRecursively$6(NodeTestTask.java:155)
	at org.junit.platform.engine.support.hierarchical.ThrowableCollector.execute(ThrowableCollector.java:73)
	at org.junit.platform.engine.support.hierarchical.NodeTestTask.lambda$executeRecursively$8(NodeTestTask.java:141)
	at org.junit.platform.engine.support.hierarchical.Node.around(Node.java:137)
	at org.junit.platform.engine.support.hierarchical.NodeTestTask.lambda$executeRecursively$9(NodeTestTask.java:139)
	at org.junit.platform.engine.support.hierarchical.ThrowableCollector.execute(ThrowableCollector.java:73)
	at org.junit.platform.engine.support.hierarchical.NodeTestTask.executeRecursively(NodeTestTask.java:138)
	at org.junit.platform.engine.support.hierarchical.NodeTestTask.execute(NodeTestTask.java:95)
	at java.util.ArrayList.forEach(ArrayList.java:1259)
	at org.junit.platform.engine.support.hierarchical.SameThreadHierarchicalTestExecutorService.invokeAll(SameThreadHierarchicalTestExecutorService.java:41)
	at org.junit.platform.engine.support.hierarchical.NodeTestTask.lambda$executeRecursively$6(NodeTestTask.java:155)
	at org.junit.platform.engine.support.hierarchical.ThrowableCollector.execute(ThrowableCollector.java:73)
	at org.junit.platform.engine.support.hierarchical.NodeTestTask.lambda$executeRecursively$8(NodeTestTask.java:141)
	at org.junit.platform.engine.support.hierarchical.Node.around(Node.java:137)
	at org.junit.platform.engine.support.hierarchical.NodeTestTask.lambda$executeRecursively$9(NodeTestTask.java:139)
	at org.junit.platform.engine.support.hierarchical.ThrowableCollector.execute(ThrowableCollector.java:73)
	at org.junit.platform.engine.support.hierarchical.NodeTestTask.executeRecursively(NodeTestTask.java:138)
	at org.junit.platform.engine.support.hierarchical.NodeTestTask.execute(NodeTestTask.java:95)
	at org.junit.platform.engine.support.hierarchical.SameThreadHierarchicalTestExecutorService.submit(SameThreadHierarchicalTestExecutorService.java:35)
	at org.junit.platform.engine.support.hierarchical.HierarchicalTestExecutor.execute(HierarchicalTestExecutor.java:57)
	at org.junit.platform.engine.support.hierarchical.HierarchicalTestEngine.execute(HierarchicalTestEngine.java:54)
	at org.junit.platform.launcher.core.DefaultLauncher.execute(DefaultLauncher.java:220)
	at org.junit.platform.launcher.core.DefaultLauncher.lambda$execute$6(DefaultLauncher.java:188)
	at org.junit.platform.launcher.core.DefaultLauncher.withInterceptedStreams(DefaultLauncher.java:202)
	at org.junit.platform.launcher.core.DefaultLauncher.execute(DefaultLauncher.java:181)
	at org.junit.platform.launcher.core.DefaultLauncher.execute(DefaultLauncher.java:128)
	at org.apache.maven.surefire.junitplatform.JUnitPlatformProvider.invokeAllTests(JUnitPlatformProvider.java:150)
	at org.apache.maven.surefire.junitplatform.JUnitPlatformProvider.invoke(JUnitPlatformProvider.java:124)
	at org.apache.maven.surefire.booter.ForkedBooter.invokeProviderInSameClassLoader(ForkedBooter.java:384)
	at org.apache.maven.surefire.booter.ForkedBooter.runSuitesInProcess(ForkedBooter.java:345)
	at org.apache.maven.surefire.booter.ForkedBooter.execute(ForkedBooter.java:126)
	at org.apache.maven.surefire.booter.ForkedBooter.main(ForkedBooter.java:418)
11-03 11:04:32.663,skmsa.apiutil.interceptor.JournalAOP    ,708bb243-49fd-49c1-85d2-99b9eadbabd5, 1,INFO ,           main,|-->: sample.b.controller.ErrorTestRestController.hello, args:   >>::	 at skmsa.apiutil.interceptor.JournalAOP.controllerAspect(JournalAOP.java:62)
11-03 11:04:32.664,skmsa.apiutil.interceptor.JournalAOP    ,708bb243-49fd-49c1-85d2-99b9eadbabd5, 1,INFO ,           main,|<--: sample.b.controller.ErrorTestRestController.hello, Exec: 1ms, Result: hello  >>::	 at skmsa.apiutil.interceptor.JournalAOP.controllerAspect(JournalAOP.java:71)
