# JRE version: OpenJDK Runtime Environment Temurin-11.0.15+10 (11.0.15+10) (build 11.0.15+10)
# Java VM: OpenJDK 64-Bit Server VM Temurin-11.0.15+10 (11.0.15+10, mixed mode, tiered, compressed oops, g1 gc, windows-amd64)
Heap:
 garbage-first heap   total 258048K, used 118551K [0x0000000704400000, 0x0000000800000000)
  region size 1024K, 106 young (108544K), 15 survivors (15360K)
 Metaspace       used 55270K, capacity 56719K, committed 57088K, reserved 1103872K
  class space    used 6732K, capacity 7310K, committed 7424K, reserved 1048576K
GC Heap History (14 events):
Event: 1.464 GC heap before
{Heap before GC invocations=0 (full 0):
 garbage-first heap   total 258048K, used 24576K [0x0000000704400000, 0x0000000800000000)
  region size 1024K, 24 young (24576K), 0 survivors (0K)
 Metaspace       used 11055K, capacity 11394K, committed 11648K, reserved 1060864K
  class space    used 1021K, capacity 1131K, committed 1152K, reserved 1048576K
}
Event: 1.469 GC heap after
{Heap after GC invocations=1 (full 0):
 garbage-first heap   total 258048K, used 11155K [0x0000000704400000, 0x0000000800000000)
  region size 1024K, 3 young (3072K), 3 survivors (3072K)
 Metaspace       used 11055K, capacity 11394K, committed 11648K, reserved 1060864K
  class space    used 1021K, capacity 1131K, committed 1152K, reserved 1048576K
}
Event: 1.790 GC heap before
{Heap before GC invocations=1 (full 0):
 garbage-first heap   total 258048K, used 29587K [0x0000000704400000, 0x0000000800000000)
  region size 1024K, 21 young (21504K), 3 survivors (3072K)
 Metaspace       used 14718K, capacity 15255K, committed 15360K, reserved 1062912K
  class space    used 1497K, capacity 1702K, committed 1792K, reserved 1048576K
}
Event: 1.793 GC heap after
{Heap after GC invocations=2 (full 0):
 garbage-first heap   total 258048K, used 12044K [0x0000000704400000, 0x0000000800000000)
  region size 1024K, 1 young (1024K), 1 survivors (1024K)
 Metaspace       used 14718K, capacity 15255K, committed 15360K, reserved 1062912K
  class space    used 1497K, capacity 1702K, committed 1792K, reserved 1048576K
}
Event: 2.457 GC heap before
{Heap before GC invocations=2 (full 0):
 garbage-first heap   total 258048K, used 53004K [0x0000000704400000, 0x0000000800000000)
  region size 1024K, 42 young (43008K), 1 survivors (1024K)
 Metaspace       used 20505K, capacity 21146K, committed 21248K, reserved 1069056K
  class space    used 2213K, capacity 2459K, committed 2560K, reserved 1048576K
}
Event: 2.463 GC heap after
{Heap after GC invocations=3 (full 0):
 garbage-first heap   total 258048K, used 13661K [0x0000000704400000, 0x0000000800000000)
  region size 1024K, 3 young (3072K), 3 survivors (3072K)
 Metaspace       used 20505K, capacity 21146K, committed 21248K, reserved 1069056K
  class space    used 2213K, capacity 2459K, committed 2560K, reserved 1048576K
}
Event: 7.452 GC heap before
{Heap before GC invocations=4 (full 0):
 garbage-first heap   total 258048K, used 77149K [0x0000000704400000, 0x0000000800000000)
  region size 1024K, 65 young (66560K), 3 survivors (3072K)
 Metaspace       used 27693K, capacity 28541K, committed 28800K, reserved 1075200K
  class space    used 3323K, capacity 3641K, committed 3712K, reserved 1048576K
}
Event: 7.457 GC heap after
{Heap after GC invocations=5 (full 0):
 garbage-first heap   total 258048K, used 15687K [0x0000000704400000, 0x0000000800000000)
  region size 1024K, 5 young (5120K), 5 survivors (5120K)
 Metaspace       used 27693K, capacity 28541K, committed 28800K, reserved 1075200K
  class space    used 3323K, capacity 3641K, committed 3712K, reserved 1048576K
}
Event: 12.325 GC heap before
{Heap before GC invocations=5 (full 0):
 garbage-first heap   total 258048K, used 72007K [0x0000000704400000, 0x0000000800000000)
  region size 1024K, 61 young (62464K), 5 survivors (5120K)
 Metaspace       used 34818K, capacity 35772K, committed 35840K, reserved 1081344K
  class space    used 4171K, capacity 4567K, committed 4608K, reserved 1048576K
}
Event: 12.334 GC heap after
{Heap after GC invocations=6 (full 0):
 garbage-first heap   total 258048K, used 17310K [0x0000000704400000, 0x0000000800000000)
  region size 1024K, 6 young (6144K), 6 survivors (6144K)
 Metaspace       used 34818K, capacity 35772K, committed 35840K, reserved 1081344K
  class space    used 4171K, capacity 4567K, committed 4608K, reserved 1048576K
}
Event: 13.932 GC heap before
{Heap before GC invocations=7 (full 0):
 garbage-first heap   total 258048K, used 153502K [0x0000000704400000, 0x0000000800000000)
  region size 1024K, 139 young (142336K), 6 survivors (6144K)
 Metaspace       used 40180K, capacity 41291K, committed 41344K, reserved 1085440K
  class space    used 4773K, capacity 5214K, committed 5248K, reserved 1048576K
}
Event: 13.940 GC heap after
{Heap after GC invocations=8 (full 0):
 garbage-first heap   total 258048K, used 21613K [0x0000000704400000, 0x0000000800000000)
  region size 1024K, 11 young (11264K), 11 survivors (11264K)
 Metaspace       used 40180K, capacity 41291K, committed 41344K, reserved 1085440K
  class space    used 4773K, capacity 5214K, committed 5248K, reserved 1048576K
}
Event: 17.004 GC heap before
{Heap before GC invocations=8 (full 0):
 garbage-first heap   total 258048K, used 164973K [0x0000000704400000, 0x0000000800000000)
  region size 1024K, 151 young (154624K), 11 survivors (11264K)
 Metaspace       used 49618K, capacity 50946K, committed 51072K, reserved 1093632K
  class space    used 6132K, capacity 6668K, committed 6784K, reserved 1048576K
}
Event: 17.014 GC heap after
{Heap after GC invocations=9 (full 0):
 garbage-first heap   total 258048K, used 26391K [0x0000000704400000, 0x0000000800000000)
  region size 1024K, 15 young (15360K), 15 survivors (15360K)
 Metaspace       used 49618K, capacity 50946K, committed 51072K, reserved 1093632K
  class space    used 6132K, capacity 6668K, committed 6784K, reserved 1048576K
}

